# JRE version: OpenJDK Runtime Environment Temurin-17.0.10+7 (17.0.10+7) (build 17.0.10+7)
# Java VM: OpenJDK 64-Bit Server VM Temurin-17.0.10+7 (17.0.10+7, mixed mode, tiered, compressed oops, compressed class ptrs, parallel gc, windows-amd64)
GC Precious Log:
 CPUs: 8 total, 8 available
 Memory: 3834M
 Large Page Support: Disabled
 NUMA Support: Disabled
 Compressed Oops: Enabled (32-bit)
 Alignments: Space 512K, Generation 512K, Heap 2M
 Heap Min Capacity: 100M
 Heap Initial Capacity: 100M
 Heap Max Capacity: 1G
 Pre-touch: Disabled
 Parallel Workers: 8
Heap:
 PSYoungGen      total 23552K, used 7808K [0x00000000eab00000, 0x00000000ec700000, 0x0000000100000000)
  eden space 23040K, 33% used [0x00000000eab00000,0x00000000eb2a02f8,0x00000000ec180000)
  from space 512K, 0% used [0x00000000ec380000,0x00000000ec380000,0x00000000ec400000)
  to   space 1536K, 0% used [0x00000000ec580000,0x00000000ec580000,0x00000000ec700000)
 ParOldGen       total 68608K, used 18420K [0x00000000c0000000, 0x00000000c4300000, 0x00000000eab00000)
  object space 68608K, 26% used [0x00000000c0000000,0x00000000c11fd3f8,0x00000000c4300000)
 Metaspace       used 36155K, committed 36864K, reserved 1114112K
  class space    used 3658K, committed 3904K, reserved 1048576K
GC Heap History (20 events):
Event: 14.101 GC heap before
{Heap before GC invocations=4 (full 0):
 PSYoungGen      total 29696K, used 29687K [0x00000000eab00000, 0x00000000ecc00000, 0x0000000100000000)
  eden space 25600K, 100% used [0x00000000eab00000,0x00000000ec400000,0x00000000ec400000)
  from space 4096K, 99% used [0x00000000ec400000,0x00000000ec7fdc08,0x00000000ec800000)
  to   space 4096K, 0% used [0x00000000ec800000,0x00000000ec800000,0x00000000ecc00000)
 ParOldGen       total 68608K, used 5157K [0x00000000c0000000, 0x00000000c4300000, 0x00000000eab00000)
  object space 68608K, 7% used [0x00000000c0000000,0x00000000c05096a8,0x00000000c4300000)
 Metaspace       used 20575K, committed 20928K, reserved 1114112K
  class space    used 2074K, committed 2240K, reserved 1048576K
}
Event: 14.106 GC heap after
{Heap after GC invocations=4 (full 0):
 PSYoungGen      total 29696K, used 4095K [0x00000000eab00000, 0x00000000ecc00000, 0x0000000100000000)
  eden space 25600K, 0% used [0x00000000eab00000,0x00000000eab00000,0x00000000ec400000)
  from space 4096K, 99% used [0x00000000ec800000,0x00000000ecbfff50,0x00000000ecc00000)
  to   space 4096K, 0% used [0x00000000ec400000,0x00000000ec400000,0x00000000ec800000)
 ParOldGen       total 68608K, used 6407K [0x00000000c0000000, 0x00000000c4300000, 0x00000000eab00000)
  object space 68608K, 9% used [0x00000000c0000000,0x00000000c0641e60,0x00000000c4300000)
 Metaspace       used 20575K, committed 20928K, reserved 1114112K
  class space    used 2074K, committed 2240K, reserved 1048576K
}
Event: 14.347 GC heap before
{Heap before GC invocations=5 (full 0):
 PSYoungGen      total 29696K, used 7691K [0x00000000eab00000, 0x00000000ecc00000, 0x0000000100000000)
  eden space 25600K, 14% used [0x00000000eab00000,0x00000000eae82e28,0x00000000ec400000)
  from space 4096K, 99% used [0x00000000ec800000,0x00000000ecbfff50,0x00000000ecc00000)
  to   space 4096K, 0% used [0x00000000ec400000,0x00000000ec400000,0x00000000ec800000)
 ParOldGen       total 68608K, used 6407K [0x00000000c0000000, 0x00000000c4300000, 0x00000000eab00000)
  object space 68608K, 9% used [0x00000000c0000000,0x00000000c0641e60,0x00000000c4300000)
 Metaspace       used 21004K, committed 21504K, reserved 1114112K
  class space    used 2123K, committed 2368K, reserved 1048576K
}
Event: 14.351 GC heap after
{Heap after GC invocations=5 (full 0):
 PSYoungGen      total 29696K, used 4080K [0x00000000eab00000, 0x00000000ece00000, 0x0000000100000000)
  eden space 25600K, 0% used [0x00000000eab00000,0x00000000eab00000,0x00000000ec400000)
  from space 4096K, 99% used [0x00000000ec400000,0x00000000ec7fc050,0x00000000ec800000)
  to   space 5120K, 0% used [0x00000000ec900000,0x00000000ec900000,0x00000000ece00000)
 ParOldGen       total 68608K, used 6885K [0x00000000c0000000, 0x00000000c4300000, 0x00000000eab00000)
  object space 68608K, 10% used [0x00000000c0000000,0x00000000c06b9460,0x00000000c4300000)
 Metaspace       used 21004K, committed 21504K, reserved 1114112K
  class space    used 2123K, committed 2368K, reserved 1048576K
}
Event: 14.351 GC heap before
{Heap before GC invocations=6 (full 1):
 PSYoungGen      total 29696K, used 4080K [0x00000000eab00000, 0x00000000ece00000, 0x0000000100000000)
  eden space 25600K, 0% used [0x00000000eab00000,0x00000000eab00000,0x00000000ec400000)
  from space 4096K, 99% used [0x00000000ec400000,0x00000000ec7fc050,0x00000000ec800000)
  to   space 5120K, 0% used [0x00000000ec900000,0x00000000ec900000,0x00000000ece00000)
 ParOldGen       total 68608K, used 6885K [0x00000000c0000000, 0x00000000c4300000, 0x00000000eab00000)
  object space 68608K, 10% used [0x00000000c0000000,0x00000000c06b9460,0x00000000c4300000)
 Metaspace       used 21004K, committed 21504K, reserved 1114112K
  class space    used 2123K, committed 2368K, reserved 1048576K
}
Event: 14.395 GC heap after
{Heap after GC invocations=6 (full 1):
 PSYoungGen      total 29696K, used 0K [0x00000000eab00000, 0x00000000ece00000, 0x0000000100000000)
  eden space 25600K, 0% used [0x00000000eab00000,0x00000000eab00000,0x00000000ec400000)
  from space 4096K, 0% used [0x00000000ec400000,0x00000000ec400000,0x00000000ec800000)
  to   space 5120K, 0% used [0x00000000ec900000,0x00000000ec900000,0x00000000ece00000)
 ParOldGen       total 68608K, used 10666K [0x00000000c0000000, 0x00000000c4300000, 0x00000000eab00000)
  object space 68608K, 15% used [0x00000000c0000000,0x00000000c0a6aa18,0x00000000c4300000)
 Metaspace       used 20991K, committed 21504K, reserved 1114112K
  class space    used 2119K, committed 2368K, reserved 1048576K
}
Event: 15.789 GC heap before
{Heap before GC invocations=7 (full 1):
 PSYoungGen      total 29696K, used 25600K [0x00000000eab00000, 0x00000000ece00000, 0x0000000100000000)
  eden space 25600K, 100% used [0x00000000eab00000,0x00000000ec400000,0x00000000ec400000)
  from space 4096K, 0% used [0x00000000ec400000,0x00000000ec400000,0x00000000ec800000)
  to   space 5120K, 0% used [0x00000000ec900000,0x00000000ec900000,0x00000000ece00000)
 ParOldGen       total 68608K, used 10666K [0x00000000c0000000, 0x00000000c4300000, 0x00000000eab00000)
  object space 68608K, 15% used [0x00000000c0000000,0x00000000c0a6aa18,0x00000000c4300000)
 Metaspace       used 23769K, committed 24320K, reserved 1114112K
  class space    used 2414K, committed 2624K, reserved 1048576K
}
Event: 15.796 GC heap after
{Heap after GC invocations=7 (full 1):
 PSYoungGen      total 30208K, used 4640K [0x00000000eab00000, 0x00000000ece00000, 0x0000000100000000)
  eden space 25088K, 0% used [0x00000000eab00000,0x00000000eab00000,0x00000000ec380000)
  from space 5120K, 90% used [0x00000000ec900000,0x00000000ecd88000,0x00000000ece00000)
  to   space 5120K, 0% used [0x00000000ec400000,0x00000000ec400000,0x00000000ec900000)
 ParOldGen       total 68608K, used 10674K [0x00000000c0000000, 0x00000000c4300000, 0x00000000eab00000)
  object space 68608K, 15% used [0x00000000c0000000,0x00000000c0a6ca18,0x00000000c4300000)
 Metaspace       used 23769K, committed 24320K, reserved 1114112K
  class space    used 2414K, committed 2624K, reserved 1048576K
}
Event: 17.382 GC heap before
{Heap before GC invocations=8 (full 1):
 PSYoungGen      total 30208K, used 29728K [0x00000000eab00000, 0x00000000ece00000, 0x0000000100000000)
  eden space 25088K, 100% used [0x00000000eab00000,0x00000000ec380000,0x00000000ec380000)
  from space 5120K, 90% used [0x00000000ec900000,0x00000000ecd88000,0x00000000ece00000)
  to   space 5120K, 0% used [0x00000000ec400000,0x00000000ec400000,0x00000000ec900000)
 ParOldGen       total 68608K, used 10674K [0x00000000c0000000, 0x00000000c4300000, 0x00000000eab00000)
  object space 68608K, 15% used [0x00000000c0000000,0x00000000c0a6ca18,0x00000000c4300000)
 Metaspace       used 26500K, committed 27136K, reserved 1114112K
  class space    used 2728K, committed 2944K, reserved 1048576K
}
Event: 17.387 GC heap after
{Heap after GC invocations=8 (full 1):
 PSYoungGen      total 29696K, used 5113K [0x00000000eab00000, 0x00000000ed000000, 0x0000000100000000)
  eden space 24576K, 0% used [0x00000000eab00000,0x00000000eab00000,0x00000000ec300000)
  from space 5120K, 99% used [0x00000000ec400000,0x00000000ec8fe618,0x00000000ec900000)
  to   space 6656K, 0% used [0x00000000ec980000,0x00000000ec980000,0x00000000ed000000)
 ParOldGen       total 68608K, used 11915K [0x00000000c0000000, 0x00000000c4300000, 0x00000000eab00000)
  object space 68608K, 17% used [0x00000000c0000000,0x00000000c0ba2e50,0x00000000c4300000)
 Metaspace       used 26500K, committed 27136K, reserved 1114112K
  class space    used 2728K, committed 2944K, reserved 1048576K
}
Event: 18.084 GC heap before
{Heap before GC invocations=9 (full 1):
 PSYoungGen      total 29696K, used 29620K [0x00000000eab00000, 0x00000000ed000000, 0x0000000100000000)
  eden space 24576K, 99% used [0x00000000eab00000,0x00000000ec2eeac0,0x00000000ec300000)
  from space 5120K, 99% used [0x00000000ec400000,0x00000000ec8fe618,0x00000000ec900000)
  to   space 6656K, 0% used [0x00000000ec980000,0x00000000ec980000,0x00000000ed000000)
 ParOldGen       total 68608K, used 11915K [0x00000000c0000000, 0x00000000c4300000, 0x00000000eab00000)
  object space 68608K, 17% used [0x00000000c0000000,0x00000000c0ba2e50,0x00000000c4300000)
 Metaspace       used 28983K, committed 29632K, reserved 1114112K
  class space    used 2896K, committed 3136K, reserved 1048576K
}
Event: 18.087 GC heap after
{Heap after GC invocations=9 (full 1):
 PSYoungGen      total 30208K, used 5741K [0x00000000eab00000, 0x00000000ecf80000, 0x0000000100000000)
  eden space 24064K, 0% used [0x00000000eab00000,0x00000000eab00000,0x00000000ec280000)
  from space 6144K, 93% used [0x00000000ec980000,0x00000000ecf1b440,0x00000000ecf80000)
  to   space 6144K, 0% used [0x00000000ec380000,0x00000000ec380000,0x00000000ec980000)
 ParOldGen       total 68608K, used 11923K [0x00000000c0000000, 0x00000000c4300000, 0x00000000eab00000)
  object space 68608K, 17% used [0x00000000c0000000,0x00000000c0ba4e50,0x00000000c4300000)
 Metaspace       used 28983K, committed 29632K, reserved 1114112K
  class space    used 2896K, committed 3136K, reserved 1048576K
}
Event: 18.669 GC heap before
{Heap before GC invocations=10 (full 1):
 PSYoungGen      total 30208K, used 29805K [0x00000000eab00000, 0x00000000ecf80000, 0x0000000100000000)
  eden space 24064K, 100% used [0x00000000eab00000,0x00000000ec280000,0x00000000ec280000)
  from space 6144K, 93% used [0x00000000ec980000,0x00000000ecf1b440,0x00000000ecf80000)
  to   space 6144K, 0% used [0x00000000ec380000,0x00000000ec380000,0x00000000ec980000)
 ParOldGen       total 68608K, used 11923K [0x00000000c0000000, 0x00000000c4300000, 0x00000000eab00000)
  object space 68608K, 17% used [0x00000000c0000000,0x00000000c0ba4e50,0x00000000c4300000)
 Metaspace       used 32439K, committed 33152K, reserved 1114112K
  class space    used 3230K, committed 3520K, reserved 1048576K
}
Event: 18.675 GC heap after
{Heap after GC invocations=10 (full 1):
 PSYoungGen      total 26624K, used 2630K [0x00000000eab00000, 0x00000000eca00000, 0x0000000100000000)
  eden space 23552K, 0% used [0x00000000eab00000,0x00000000eab00000,0x00000000ec200000)
  from space 3072K, 85% used [0x00000000ec380000,0x00000000ec6118a8,0x00000000ec680000)
  to   space 3584K, 0% used [0x00000000ec680000,0x00000000ec680000,0x00000000eca00000)
 ParOldGen       total 68608K, used 15241K [0x00000000c0000000, 0x00000000c4300000, 0x00000000eab00000)
  object space 68608K, 22% used [0x00000000c0000000,0x00000000c0ee2608,0x00000000c4300000)
 Metaspace       used 32439K, committed 33152K, reserved 1114112K
  class space    used 3230K, committed 3520K, reserved 1048576K
}
Event: 19.362 GC heap before
{Heap before GC invocations=11 (full 1):
 PSYoungGen      total 26624K, used 26182K [0x00000000eab00000, 0x00000000eca00000, 0x0000000100000000)
  eden space 23552K, 100% used [0x00000000eab00000,0x00000000ec200000,0x00000000ec200000)
  from space 3072K, 85% used [0x00000000ec380000,0x00000000ec6118a8,0x00000000ec680000)
  to   space 3584K, 0% used [0x00000000ec680000,0x00000000ec680000,0x00000000eca00000)
 ParOldGen       total 68608K, used 15241K [0x00000000c0000000, 0x00000000c4300000, 0x00000000eab00000)
  object space 68608K, 22% used [0x00000000c0000000,0x00000000c0ee2608,0x00000000c4300000)
 Metaspace       used 34081K, committed 34880K, reserved 1114112K
  class space    used 3394K, committed 3712K, reserved 1048576K
}
Event: 19.369 GC heap after
{Heap after GC invocations=11 (full 1):
 PSYoungGen      total 26112K, used 2774K [0x00000000eab00000, 0x00000000ec980000, 0x0000000100000000)
  eden space 23040K, 0% used [0x00000000eab00000,0x00000000eab00000,0x00000000ec180000)
  from space 3072K, 90% used [0x00000000ec680000,0x00000000ec935ac8,0x00000000ec980000)
  to   space 3072K, 0% used [0x00000000ec380000,0x00000000ec380000,0x00000000ec680000)
 ParOldGen       total 68608K, used 17301K [0x00000000c0000000, 0x00000000c4300000, 0x00000000eab00000)
  object space 68608K, 25% used [0x00000000c0000000,0x00000000c10e5490,0x00000000c4300000)
 Metaspace       used 34081K, committed 34880K, reserved 1114112K
  class space    used 3394K, committed 3712K, reserved 1048576K
}
Event: 19.745 GC heap before
{Heap before GC invocations=12 (full 1):
 PSYoungGen      total 26112K, used 10780K [0x00000000eab00000, 0x00000000ec980000, 0x0000000100000000)
  eden space 23040K, 34% used [0x00000000eab00000,0x00000000eb2d15f8,0x00000000ec180000)
  from space 3072K, 90% used [0x00000000ec680000,0x00000000ec935ac8,0x00000000ec980000)
  to   space 3072K, 0% used [0x00000000ec380000,0x00000000ec380000,0x00000000ec680000)
 ParOldGen       total 68608K, used 17301K [0x00000000c0000000, 0x00000000c4300000, 0x00000000eab00000)
  object space 68608K, 25% used [0x00000000c0000000,0x00000000c10e5490,0x00000000c4300000)
 Metaspace       used 35132K, committed 35840K, reserved 1114112K
  class space    used 3527K, committed 3840K, reserved 1048576K
}
Event: 19.749 GC heap after
{Heap after GC invocations=12 (full 1):
 PSYoungGen      total 23552K, used 416K [0x00000000eab00000, 0x00000000ec700000, 0x0000000100000000)
  eden space 23040K, 0% used [0x00000000eab00000,0x00000000eab00000,0x00000000ec180000)
  from space 512K, 81% used [0x00000000ec380000,0x00000000ec3e8000,0x00000000ec400000)
  to   space 1536K, 0% used [0x00000000ec580000,0x00000000ec580000,0x00000000ec700000)
 ParOldGen       total 68608K, used 19521K [0x00000000c0000000, 0x00000000c4300000, 0x00000000eab00000)
  object space 68608K, 28% used [0x00000000c0000000,0x00000000c13106e0,0x00000000c4300000)
 Metaspace       used 35132K, committed 35840K, reserved 1114112K
  class space    used 3527K, committed 3840K, reserved 1048576K
}
Event: 19.749 GC heap before
{Heap before GC invocations=13 (full 2):
 PSYoungGen      total 23552K, used 416K [0x00000000eab00000, 0x00000000ec700000, 0x0000000100000000)
  eden space 23040K, 0% used [0x00000000eab00000,0x00000000eab00000,0x00000000ec180000)
  from space 512K, 81% used [0x00000000ec380000,0x00000000ec3e8000,0x00000000ec400000)
  to   space 1536K, 0% used [0x00000000ec580000,0x00000000ec580000,0x00000000ec700000)
 ParOldGen       total 68608K, used 19521K [0x00000000c0000000, 0x00000000c4300000, 0x00000000eab00000)
  object space 68608K, 28% used [0x00000000c0000000,0x00000000c13106e0,0x00000000c4300000)
 Metaspace       used 35132K, committed 35840K, reserved 1114112K
  class space    used 3527K, committed 3840K, reserved 1048576K
}
Event: 19.805 GC heap after
{Heap after GC invocations=13 (full 2):
 PSYoungGen      total 23552K, used 0K [0x00000000eab00000, 0x00000000ec700000, 0x0000000100000000)
  eden space 23040K, 0% used [0x00000000eab00000,0x00000000eab00000,0x00000000ec180000)
  from space 512K, 0% used [0x00000000ec380000,0x00000000ec380000,0x00000000ec400000)
  to   space 1536K, 0% used [0x00000000ec580000,0x00000000ec580000,0x00000000ec700000)
 ParOldGen       total 68608K, used 18420K [0x00000000c0000000, 0x00000000c4300000, 0x00000000eab00000)
  object space 68608K, 26% used [0x00000000c0000000,0x00000000c11fd3f8,0x00000000c4300000)
 Metaspace       used 35125K, committed 35840K, reserved 1114112K
  class space    used 3525K, committed 3840K, reserved 1048576K
}

